0 info it worked if it ends with ok
1 verbose cli [ 'C:\\Program Files (x86)\\nodejs\\node.exe',
1 verbose cli   'C:\\Users\\ETY\\Antonin Monmarthe\\dta-dragdrop\\node_modules\\npm\\bin\\npm-cli.js',
1 verbose cli   'run',
1 verbose cli   'build' ]
2 info using npm@3.9.6
3 info using node@v6.2.1
4 verbose run-script [ 'prebuild', 'build', 'postbuild' ]
5 info lifecycle dta@1.0.0~prebuild: dta@1.0.0
6 silly lifecycle dta@1.0.0~prebuild: no script for prebuild, continuing
7 info lifecycle dta@1.0.0~build: dta@1.0.0
8 verbose lifecycle dta@1.0.0~build: unsafe-perm in lifecycle true
9 verbose lifecycle dta@1.0.0~build: PATH: C:\Users\ETY\Antonin Monmarthe\dta-dragdrop\node_modules\npm\bin\node-gyp-bin;C:\Users\ETY\Antonin Monmarthe\dta-dragdrop\node_modules\.bin;C:\Program Files (x86)\nodejs;C:\EasyPHP-DevServer-14.1VC9\binaries\php\php_runningversion;C:\Program Files (x86)\EasyPHP-DevServer-14.1VC9\binaries\php\php_runningversion;C:\ProgramData\Oracle\Java\javapath;C:\Program Files (x86)\Intel\iCLS Client\;C:\Program Files\Intel\iCLS Client\;C:\Windows\system32;C:\Windows;C:\Windows\System32\Wbem;C:\Windows\System32\WindowsPowerShell\v1.0\;C:\Program Files\Intel\Intel(R) Management Engine Components\DAL;C:\Program Files (x86)\Intel\Intel(R) Management Engine Components\DAL;C:\Program Files\Intel\Intel(R) Management Engine Components\IPT;C:\Program Files (x86)\Intel\Intel(R) Management Engine Components\IPT;node_modules\.bin;C:\Program Files (x86)\Git\cmd;C:\Program Files (x86)\Brackets\command;C:\Program Files (x86)\nodejs\;C:\Program Files\Java\jdk1.8.0_91\bin;C:\apache-maven-3.3.9\bin;C:\Program Files (x86)\Microsoft VS Code\bin;C:\Users\ETY\AppData\Roaming\npm
10 verbose lifecycle dta@1.0.0~build: CWD: C:\Users\ETY\Antonin Monmarthe\dta-dragdrop
11 silly lifecycle dta@1.0.0~build: Args: [ '/d /s /c',
11 silly lifecycle   'browserify -t babelify src/index.js --outfile static/build.js' ]
12 silly lifecycle dta@1.0.0~build: Returned: code: 1  signal: null
13 info lifecycle dta@1.0.0~build: Failed to exec build script
14 verbose stack Error: dta@1.0.0 build: `browserify -t babelify src/index.js --outfile static/build.js`
14 verbose stack Exit status 1
14 verbose stack     at EventEmitter.<anonymous> (C:\Users\ETY\Antonin Monmarthe\dta-dragdrop\node_modules\npm\lib\utils\lifecycle.js:245:16)
14 verbose stack     at emitTwo (events.js:106:13)
14 verbose stack     at EventEmitter.emit (events.js:191:7)
14 verbose stack     at ChildProcess.<anonymous> (C:\Users\ETY\Antonin Monmarthe\dta-dragdrop\node_modules\npm\lib\utils\spawn.js:24:14)
14 verbose stack     at emitTwo (events.js:106:13)
14 verbose stack     at ChildProcess.emit (events.js:191:7)
14 verbose stack     at maybeClose (internal/child_process.js:852:16)
14 verbose stack     at Process.ChildProcess._handle.onexit (internal/child_process.js:215:5)
15 verbose pkgid dta@1.0.0
16 verbose cwd C:\Users\ETY\Antonin Monmarthe\dta-dragdrop
17 error Windows_NT 6.1.7601
18 error argv "C:\\Program Files (x86)\\nodejs\\node.exe" "C:\\Users\\ETY\\Antonin Monmarthe\\dta-dragdrop\\node_modules\\npm\\bin\\npm-cli.js" "run" "build"
19 error node v6.2.1
20 error npm  v3.9.6
21 error code ELIFECYCLE
22 error dta@1.0.0 build: `browserify -t babelify src/index.js --outfile static/build.js`
22 error Exit status 1
23 error Failed at the dta@1.0.0 build script 'browserify -t babelify src/index.js --outfile static/build.js'.
23 error Make sure you have the latest version of node.js and npm installed.
23 error If you do, this is most likely a problem with the dta package,
23 error not with npm itself.
23 error Tell the author that this fails on your system:
23 error     browserify -t babelify src/index.js --outfile static/build.js
23 error You can get information on how to open an issue for this project with:
23 error     npm bugs dta
23 error Or if that isn't available, you can get their info via:
23 error     npm owner ls dta
23 error There is likely additional logging output above.
24 verbose exit [ 1, true ]
